<?xml version="1.0" encoding="UTF-8"?>
<!-- Generated by org.testng.reporters.JUnitXMLReporter -->
<testsuite ignored="0" hostname="Mohamed-Hosnie" failures="1" tests="18" name="Default test" time="141.379" errors="0" timestamp="2023-04-03T04:59:14 EET">
  <testcase classname="com.testng.Subscription" name="ClassicPackForUAEinArabic" time="0.852"/>
  <testcase classname="com.testng.Subscription" name="LitePackForUAEinArabic" time="1.271"/>
  <testcase classname="com.testng.Subscription" name="PremPackForUAEinArabic" time="1.19"/>
  <testcase classname="com.testng.Subscription" name="ClassicPackForUAEinEnglish" time="4.302"/>
  <testcase classname="com.testng.Subscription" name="LitePackForUAEinEnglish" time="2.646"/>
  <testcase classname="com.testng.Subscription" name="PremPackForUAEinEnglish" time="2.321"/>
  <testcase classname="com.testng.Subscription" name="ClassicPackForJOinArabic" time="1.428"/>
  <testcase classname="com.testng.Subscription" name="LitePackForJOinArabic" time="1.489"/>
  <testcase classname="com.testng.Subscription" name="PremPackForJOinArabic" time="1.293"/>
  <testcase classname="com.testng.Subscription" name="ClassicPackForJOinEnglish" time="3.533"/>
  <testcase classname="com.testng.Subscription" name="LitePackForJOinEnglish" time="2.591"/>
  <testcase classname="com.testng.Subscription" name="PremPackForJOinEnglish" time="2.651"/>
  <testcase classname="com.testng.Subscription" name="ClassicPackForOMinArabic" time="2.734"/>
  <testcase classname="com.testng.Subscription" name="LitePackForOMinArabic" time="4.981"/>
  <testcase classname="com.testng.Subscription" name="PremPackForOMinArabic" time="2.567"/>
  <testcase classname="com.testng.Subscription" name="ClassicPackForOMinEnglish" time="4.159"/>
  <testcase classname="com.testng.Subscription" name="LitePackForOMinEnglish" time="8.309">
    <failure type="java.lang.AssertionError" message="Lite Package Currency In Arabic Is Incorrect expected [/month] but found [USD/month]">
      <![CDATA[java.lang.AssertionError: Lite Package Currency In Arabic Is Incorrect expected [/month] but found [USD/month]
at org.testng.Assert.fail(Assert.java:110)
at org.testng.Assert.failNotEquals(Assert.java:1577)
at org.testng.Assert.assertEqualsImpl(Assert.java:149)
at org.testng.Assert.assertEquals(Assert.java:131)
at org.testng.Assert.assertEquals(Assert.java:655)
at com.testng.Subscription.LitePackForOMinEnglish(Subscription.java:524)
at java.base/jdk.internal.reflect.DirectMethodHandleAccessor.invoke(DirectMethodHandleAccessor.java:104)
at java.base/java.lang.reflect.Method.invoke(Method.java:578)
at org.testng.internal.invokers.MethodInvocationHelper.invokeMethod(MethodInvocationHelper.java:139)
at org.testng.internal.invokers.TestInvoker.invokeMethod(TestInvoker.java:677)
at org.testng.internal.invokers.TestInvoker.invokeTestMethod(TestInvoker.java:221)
at org.testng.internal.invokers.MethodRunner.runInSequence(MethodRunner.java:50)
at org.testng.internal.invokers.TestInvoker$MethodInvocationAgent.invoke(TestInvoker.java:969)
at org.testng.internal.invokers.TestInvoker.invokeTestMethods(TestInvoker.java:194)
at org.testng.internal.invokers.TestMethodWorker.invokeTestMethods(TestMethodWorker.java:148)
at org.testng.internal.invokers.TestMethodWorker.run(TestMethodWorker.java:128)
at java.base/java.util.ArrayList.forEach(ArrayList.java:1511)
at org.testng.TestRunner.privateRun(TestRunner.java:829)
at org.testng.TestRunner.run(TestRunner.java:602)
at org.testng.SuiteRunner.runTest(SuiteRunner.java:437)
at org.testng.SuiteRunner.runSequentially(SuiteRunner.java:431)
at org.testng.SuiteRunner.privateRun(SuiteRunner.java:391)
at org.testng.SuiteRunner.run(SuiteRunner.java:330)
at org.testng.SuiteRunnerWorker.runSuite(SuiteRunnerWorker.java:52)
at org.testng.SuiteRunnerWorker.run(SuiteRunnerWorker.java:95)
at org.testng.TestNG.runSuitesSequentially(TestNG.java:1256)
at org.testng.TestNG.runSuitesLocally(TestNG.java:1176)
at org.testng.TestNG.runSuites(TestNG.java:1099)
at org.testng.TestNG.run(TestNG.java:1067)
at org.testng.remote.AbstractRemoteTestNG.run(AbstractRemoteTestNG.java:115)
at org.testng.remote.RemoteTestNG.initAndRun(RemoteTestNG.java:251)
at org.testng.remote.RemoteTestNG.main(RemoteTestNG.java:77)
]]>
    </failure>
  </testcase> <!-- LitePackForOMinEnglish -->
  <testcase classname="com.testng.Subscription" name="PremPackForOMinEnglish" time="2.511"/>
</testsuite> <!-- Default test -->
